[2023-07-21 13:13:36,477: INFO: main: Welcome to out custom logging]
[2023-07-22 12:03:27,910: INFO: common: yaml file: config\config.yaml loaded successfully]
[2023-07-22 12:03:27,920: INFO: common: yaml file: params.yaml loaded successfully]
[2023-07-22 12:03:27,923: INFO: common: created directory at: artifacts]
[2023-07-22 12:03:27,924: INFO: common: created directory at: artifacts/data_ingestion]
[2023-07-22 12:06:04,253: INFO: common: yaml file: config\config.yaml loaded successfully]
[2023-07-22 12:06:04,256: INFO: common: yaml file: params.yaml loaded successfully]
[2023-07-22 12:06:04,258: INFO: common: created directory at: artifacts]
[2023-07-22 12:06:04,260: INFO: common: created directory at: artifacts/data_ingestion]
[2023-07-22 12:06:05,214: INFO: 2266438446: artifacts/data_ingestion/data.zip download! with the following info: 
Server: GitHub.com
Date: Sat, 22 Jul 2023 06:36:04 GMT
Content-Type: text/html; charset=utf-8
Vary: X-PJAX, X-PJAX-Container, Turbo-Visit, Turbo-Frame, Accept-Encoding, Accept, X-Requested-With
ETag: W/"69418b3c7af4483addcc5e1e910e3f1c"
Cache-Control: max-age=0, private, must-revalidate
Strict-Transport-Security: max-age=31536000; includeSubdomains; preload
X-Frame-Options: deny
X-Content-Type-Options: nosniff
X-XSS-Protection: 0
Referrer-Policy: no-referrer-when-downgrade
Content-Security-Policy: default-src 'none'; base-uri 'self'; child-src github.com/assets-cdn/worker/ gist.github.com/assets-cdn/worker/; connect-src 'self' uploads.github.com objects-origin.githubusercontent.com www.githubstatus.com collector.github.com raw.githubusercontent.com api.github.com github-cloud.s3.amazonaws.com github-production-repository-file-5c1aeb.s3.amazonaws.com github-production-upload-manifest-file-7fdce7.s3.amazonaws.com github-production-user-asset-6210df.s3.amazonaws.com cdn.optimizely.com logx.optimizely.com/v1/events *.actions.githubusercontent.com productionresultssa0.blob.core.windows.net/ productionresultssa1.blob.core.windows.net/ productionresultssa2.blob.core.windows.net/ productionresultssa3.blob.core.windows.net/ productionresultssa4.blob.core.windows.net/ wss://*.actions.githubusercontent.com github-production-repository-image-32fea6.s3.amazonaws.com github-production-release-asset-2e65be.s3.amazonaws.com insights.github.com wss://alive.github.com; font-src github.githubassets.com; form-action 'self' github.com gist.github.com objects-origin.githubusercontent.com; frame-ancestors 'none'; frame-src viewscreen.githubusercontent.com notebooks.githubusercontent.com; img-src 'self' data: github.githubassets.com media.githubusercontent.com camo.githubusercontent.com identicons.github.com avatars.githubusercontent.com github-cloud.s3.amazonaws.com objects.githubusercontent.com objects-origin.githubusercontent.com secured-user-images.githubusercontent.com/ user-images.githubusercontent.com/ private-user-images.githubusercontent.com opengraph.githubassets.com github-production-user-asset-6210df.s3.amazonaws.com customer-stories-feed.github.com spotlights-feed.github.com *.githubusercontent.com; manifest-src 'self'; media-src github.com user-images.githubusercontent.com/ secured-user-images.githubusercontent.com/ private-user-images.githubusercontent.com; script-src github.githubassets.com; style-src 'unsafe-inline' github.githubassets.com; worker-src github.com/assets-cdn/worker/ gist.github.com/assets-cdn/worker/
Set-Cookie: _gh_sess=tS0es0F8Ln7lrSWjwbNy7tROScgCkcRu8EtnnBoGWLJ3HyJhIqpL5bw9NUwlQ%2BAdGBDciQO5kNfqkJDVZ9LMRAAv1TY8arYrCtw8INlXhy%2Bz3GqVyPnWDk1Kpv97wJ2kJ5DRpekqVRmjNhLF%2BV1myfxwKAEZJuc%2Fb%2FtsKHtmQOvZU2F%2FgFHoUVp2gFcuome70HvmXqIuWctfLTOfN%2FRzWbnrMrvvX0jymELgsivxNpg5I2xVu%2FKfnJY5f3ghmEUYIAdeJx2IVZTv9KjsN9z1wQ%3D%3D--ifqD1lufLYkrq45x--%2BavnV%2BJLmDwxRNJCVuln%2BA%3D%3D; Path=/; HttpOnly; Secure; SameSite=Lax
Set-Cookie: _octo=GH1.1.922429532.1690007764; Path=/; Domain=github.com; Expires=Mon, 22 Jul 2024 06:36:04 GMT; Secure; SameSite=Lax
Set-Cookie: logged_in=no; Path=/; Domain=github.com; Expires=Mon, 22 Jul 2024 06:36:04 GMT; HttpOnly; Secure; SameSite=Lax
Accept-Ranges: bytes
Transfer-Encoding: chunked
X-GitHub-Request-Id: C785:288A2C:21AD564:2585192:64BB78D3
connection: close

]
[2023-07-22 12:06:33,585: INFO: common: yaml file: config\config.yaml loaded successfully]
[2023-07-22 12:06:33,587: INFO: common: yaml file: params.yaml loaded successfully]
[2023-07-22 12:06:33,589: INFO: common: created directory at: artifacts]
[2023-07-22 12:06:33,591: INFO: common: created directory at: artifacts/data_ingestion]
[2023-07-22 12:06:33,592: INFO: 3044634624: File already exists of size ~ 118 KB]
[2023-07-22 12:12:17,464: INFO: common: yaml file: config\config.yaml loaded successfully]
[2023-07-22 12:12:17,467: INFO: common: yaml file: params.yaml loaded successfully]
[2023-07-22 12:12:17,469: INFO: common: created directory at: artifacts]
[2023-07-22 12:12:17,470: INFO: common: created directory at: artifacts/data_ingestion]
[2023-07-22 12:12:17,472: INFO: 1726801432: File already exists of size ~ 118 KB]
[2023-07-22 12:13:23,503: INFO: common: yaml file: config\config.yaml loaded successfully]
[2023-07-22 12:13:23,506: INFO: common: yaml file: params.yaml loaded successfully]
[2023-07-22 12:13:23,508: INFO: common: created directory at: artifacts]
[2023-07-22 12:13:23,510: INFO: common: created directory at: artifacts/data_ingestion]
[2023-07-22 12:13:51,824: INFO: common: yaml file: config\config.yaml loaded successfully]
[2023-07-22 12:13:51,826: INFO: common: yaml file: params.yaml loaded successfully]
[2023-07-22 12:13:51,829: INFO: common: created directory at: artifacts]
[2023-07-22 12:13:51,830: INFO: common: created directory at: artifacts/data_ingestion]
[2023-07-22 12:13:52,541: INFO: 499299850: artifacts/data_ingestion/data.zip download! with following info: 
Server: GitHub.com
Date: Sat, 22 Jul 2023 06:43:51 GMT
Content-Type: text/html; charset=utf-8
Vary: X-PJAX, X-PJAX-Container, Turbo-Visit, Turbo-Frame, Accept-Encoding, Accept, X-Requested-With
ETag: W/"81e32fd5da02be38464b5b768b81b7c8"
Cache-Control: max-age=0, private, must-revalidate
Strict-Transport-Security: max-age=31536000; includeSubdomains; preload
X-Frame-Options: deny
X-Content-Type-Options: nosniff
X-XSS-Protection: 0
Referrer-Policy: no-referrer-when-downgrade
Content-Security-Policy: default-src 'none'; base-uri 'self'; child-src github.com/assets-cdn/worker/ gist.github.com/assets-cdn/worker/; connect-src 'self' uploads.github.com objects-origin.githubusercontent.com www.githubstatus.com collector.github.com raw.githubusercontent.com api.github.com github-cloud.s3.amazonaws.com github-production-repository-file-5c1aeb.s3.amazonaws.com github-production-upload-manifest-file-7fdce7.s3.amazonaws.com github-production-user-asset-6210df.s3.amazonaws.com cdn.optimizely.com logx.optimizely.com/v1/events *.actions.githubusercontent.com productionresultssa0.blob.core.windows.net/ productionresultssa1.blob.core.windows.net/ productionresultssa2.blob.core.windows.net/ productionresultssa3.blob.core.windows.net/ productionresultssa4.blob.core.windows.net/ wss://*.actions.githubusercontent.com github-production-repository-image-32fea6.s3.amazonaws.com github-production-release-asset-2e65be.s3.amazonaws.com insights.github.com wss://alive.github.com; font-src github.githubassets.com; form-action 'self' github.com gist.github.com objects-origin.githubusercontent.com; frame-ancestors 'none'; frame-src viewscreen.githubusercontent.com notebooks.githubusercontent.com; img-src 'self' data: github.githubassets.com media.githubusercontent.com camo.githubusercontent.com identicons.github.com avatars.githubusercontent.com github-cloud.s3.amazonaws.com objects.githubusercontent.com objects-origin.githubusercontent.com secured-user-images.githubusercontent.com/ user-images.githubusercontent.com/ private-user-images.githubusercontent.com opengraph.githubassets.com github-production-user-asset-6210df.s3.amazonaws.com customer-stories-feed.github.com spotlights-feed.github.com *.githubusercontent.com; manifest-src 'self'; media-src github.com user-images.githubusercontent.com/ secured-user-images.githubusercontent.com/ private-user-images.githubusercontent.com; script-src github.githubassets.com; style-src 'unsafe-inline' github.githubassets.com; worker-src github.com/assets-cdn/worker/ gist.github.com/assets-cdn/worker/
Set-Cookie: _gh_sess=75CKIOF7pwbH%2F1Rv7oLpHFsYr9UUoqKN8qjVACeYk%2FD434VJhKzUfLvJ8UhmwZrk0dUt7Bc4W7xDOO87H8A9vTjdxLaxd%2B7iowHmEJ1TAdxPyytXouaZdPrDmZeFzGDGxw%2FdA7QSP%2FMIXpehQz3NNGVTGSZCcFel25CSjFCiSJJk%2BXDocsV3YKs4rShdYyJaPlM1%2BavAyi53EJPSZpp8AChXdbYi%2BCXoUlCPhPWtYn9VTX1II2owshwMbibZBguP9PcwhByGpcLMnt%2FlsyePPg%3D%3D--AO8dbmRPus2oNbcz--NGkCR%2F7FKblIMWuMO%2B%2FmHQ%3D%3D; Path=/; HttpOnly; Secure; SameSite=Lax
Set-Cookie: _octo=GH1.1.80581425.1690008231; Path=/; Domain=github.com; Expires=Mon, 22 Jul 2024 06:43:51 GMT; Secure; SameSite=Lax
Set-Cookie: logged_in=no; Path=/; Domain=github.com; Expires=Mon, 22 Jul 2024 06:43:51 GMT; HttpOnly; Secure; SameSite=Lax
Accept-Ranges: bytes
Transfer-Encoding: chunked
X-GitHub-Request-Id: C7DE:18742A:21F9691:25D2937:64BB7AA7
connection: close

]
[2023-07-22 12:14:21,113: INFO: common: yaml file: config\config.yaml loaded successfully]
[2023-07-22 12:14:21,119: INFO: common: yaml file: params.yaml loaded successfully]
[2023-07-22 12:14:21,122: INFO: common: created directory at: artifacts]
[2023-07-22 12:14:21,124: INFO: common: created directory at: artifacts/data_ingestion]
[2023-07-22 12:14:21,126: INFO: 499299850: File already exists of size: ~ 118 KB]
[2023-07-22 12:14:30,545: INFO: common: yaml file: config\config.yaml loaded successfully]
[2023-07-22 12:14:30,547: INFO: common: yaml file: params.yaml loaded successfully]
[2023-07-22 12:14:30,549: INFO: common: created directory at: artifacts]
[2023-07-22 12:14:30,551: INFO: common: created directory at: artifacts/data_ingestion]
[2023-07-22 12:14:31,285: INFO: 499299850: artifacts/data_ingestion/data.zip download! with following info: 
Server: GitHub.com
Date: Sat, 22 Jul 2023 06:44:30 GMT
Content-Type: text/html; charset=utf-8
Vary: X-PJAX, X-PJAX-Container, Turbo-Visit, Turbo-Frame, Accept-Encoding, Accept, X-Requested-With
ETag: W/"43b33c3d85ace7229f04c27e9556a728"
Cache-Control: max-age=0, private, must-revalidate
Strict-Transport-Security: max-age=31536000; includeSubdomains; preload
X-Frame-Options: deny
X-Content-Type-Options: nosniff
X-XSS-Protection: 0
Referrer-Policy: no-referrer-when-downgrade
Content-Security-Policy: default-src 'none'; base-uri 'self'; child-src github.com/assets-cdn/worker/ gist.github.com/assets-cdn/worker/; connect-src 'self' uploads.github.com objects-origin.githubusercontent.com www.githubstatus.com collector.github.com raw.githubusercontent.com api.github.com github-cloud.s3.amazonaws.com github-production-repository-file-5c1aeb.s3.amazonaws.com github-production-upload-manifest-file-7fdce7.s3.amazonaws.com github-production-user-asset-6210df.s3.amazonaws.com cdn.optimizely.com logx.optimizely.com/v1/events *.actions.githubusercontent.com productionresultssa0.blob.core.windows.net/ productionresultssa1.blob.core.windows.net/ productionresultssa2.blob.core.windows.net/ productionresultssa3.blob.core.windows.net/ productionresultssa4.blob.core.windows.net/ wss://*.actions.githubusercontent.com github-production-repository-image-32fea6.s3.amazonaws.com github-production-release-asset-2e65be.s3.amazonaws.com insights.github.com wss://alive.github.com; font-src github.githubassets.com; form-action 'self' github.com gist.github.com objects-origin.githubusercontent.com; frame-ancestors 'none'; frame-src viewscreen.githubusercontent.com notebooks.githubusercontent.com; img-src 'self' data: github.githubassets.com media.githubusercontent.com camo.githubusercontent.com identicons.github.com avatars.githubusercontent.com github-cloud.s3.amazonaws.com objects.githubusercontent.com objects-origin.githubusercontent.com secured-user-images.githubusercontent.com/ user-images.githubusercontent.com/ private-user-images.githubusercontent.com opengraph.githubassets.com github-production-user-asset-6210df.s3.amazonaws.com customer-stories-feed.github.com spotlights-feed.github.com *.githubusercontent.com; manifest-src 'self'; media-src github.com user-images.githubusercontent.com/ secured-user-images.githubusercontent.com/ private-user-images.githubusercontent.com; script-src github.githubassets.com; style-src 'unsafe-inline' github.githubassets.com; worker-src github.com/assets-cdn/worker/ gist.github.com/assets-cdn/worker/
Set-Cookie: _gh_sess=Wxfm%2BEz1RNp0fviTXAMpbQtkt3I2EnZtFTGRIvxS%2B6LdJuo6W4nBAvJ7rW7GSoIAuOBHEjL%2BU2brNp3bRcx6tvXpRUj80SHdt4RZFUbwD0lqkmAux0pAQA%2FzcYqPGZewpfRmIkCtEapwzg684LjBcYbVsnQmnCd%2Bf6xJtdmhuthLF9nzq7yCyONfmkZMB9P5b3rQ8lnpa5EFulRLe1HB7zIF%2FbgqwOA18irrmXJL7PFRlI0uRG3Z9RDQqkvM3JBdD3TeoCKDY0DME2TiAfYUHA%3D%3D--IOxaxLKXfsYWtNR2--sREjNvI7mIQpIPc37r%2FUkg%3D%3D; Path=/; HttpOnly; Secure; SameSite=Lax
Set-Cookie: _octo=GH1.1.405114060.1690008270; Path=/; Domain=github.com; Expires=Mon, 22 Jul 2024 06:44:30 GMT; Secure; SameSite=Lax
Set-Cookie: logged_in=no; Path=/; Domain=github.com; Expires=Mon, 22 Jul 2024 06:44:30 GMT; HttpOnly; Secure; SameSite=Lax
Accept-Ranges: bytes
Transfer-Encoding: chunked
X-GitHub-Request-Id: C7E9:2C0CF2:1E576AC:21C89CA:64BB7ACE
connection: close

]
[2023-07-22 12:15:25,334: INFO: common: yaml file: config\config.yaml loaded successfully]
[2023-07-22 12:15:25,336: INFO: common: yaml file: params.yaml loaded successfully]
[2023-07-22 12:15:25,338: INFO: common: created directory at: artifacts]
[2023-07-22 12:15:25,341: INFO: common: created directory at: artifacts/data_ingestion]
[2023-07-22 12:15:25,342: INFO: 499299850: File already exists of size: ~ 118 KB]
[2023-07-22 12:19:51,519: INFO: common: yaml file: config\config.yaml loaded successfully]
[2023-07-22 12:19:51,522: INFO: common: yaml file: params.yaml loaded successfully]
[2023-07-22 12:19:51,523: INFO: common: created directory at: artifacts]
[2023-07-22 12:19:51,525: INFO: common: created directory at: artifacts/data_ingestion]
[2023-07-22 12:19:51,527: INFO: 2634481129: File already exists of size: ~ 118 KB]
[2023-07-22 12:21:41,547: INFO: common: yaml file: config\config.yaml loaded successfully]
[2023-07-22 12:21:41,549: INFO: common: yaml file: params.yaml loaded successfully]
[2023-07-22 12:21:41,551: INFO: common: created directory at: artifacts]
[2023-07-22 12:21:41,553: INFO: common: created directory at: artifacts/data_ingestion]
[2023-07-22 12:21:50,778: INFO: 2634481129: artifacts/data_ingestion/data.zip download! with following info: 
Connection: close
Content-Length: 7903594
Cache-Control: max-age=300
Content-Security-Policy: default-src 'none'; style-src 'unsafe-inline'; sandbox
Content-Type: application/zip
ETag: "dbc016a060da18070593b83afff580c9b300f0b6ea4147a7988433e04df246ca"
Strict-Transport-Security: max-age=31536000
X-Content-Type-Options: nosniff
X-Frame-Options: deny
X-XSS-Protection: 1; mode=block
X-GitHub-Request-Id: F7D0:289200:22A0A3:311152:64BB7C7D
Accept-Ranges: bytes
Date: Sat, 22 Jul 2023 06:51:42 GMT
Via: 1.1 varnish
X-Served-By: cache-del21731-DEL
X-Cache: MISS
X-Cache-Hits: 0
X-Timer: S1690008702.991162,VS0,VE761
Vary: Authorization,Accept-Encoding,Origin
Access-Control-Allow-Origin: *
Cross-Origin-Resource-Policy: cross-origin
X-Fastly-Request-ID: 412430a3fe5ff6150b10e6507a8ac3124fa3615a
Expires: Sat, 22 Jul 2023 06:56:42 GMT
Source-Age: 0

]
[2023-07-22 12:53:07,887: INFO: main: >>>>> stage Data Ingestion stage started <<<<<]
[2023-07-22 12:53:07,890: INFO: common: yaml file: config\config.yaml loaded successfully]
[2023-07-22 12:53:07,891: INFO: common: yaml file: params.yaml loaded successfully]
[2023-07-22 12:53:07,891: INFO: common: created directory at: artifacts]
[2023-07-22 12:53:07,892: INFO: common: created directory at: artifacts/data_ingestion]
[2023-07-22 12:53:13,704: INFO: data_ingestion: artifacts/data_ingestion/data.zip download! with following info: 
Connection: close
Content-Length: 7903594
Cache-Control: max-age=300
Content-Security-Policy: default-src 'none'; style-src 'unsafe-inline'; sandbox
Content-Type: application/zip
ETag: "dbc016a060da18070593b83afff580c9b300f0b6ea4147a7988433e04df246ca"
Strict-Transport-Security: max-age=31536000
X-Content-Type-Options: nosniff
X-Frame-Options: deny
X-XSS-Protection: 1; mode=block
X-GitHub-Request-Id: F7D0:289200:22A0A3:311152:64BB7C7D
Accept-Ranges: bytes
Date: Sat, 22 Jul 2023 07:23:08 GMT
Via: 1.1 varnish
X-Served-By: cache-del21739-DEL
X-Cache: HIT
X-Cache-Hits: 1
X-Timer: S1690010588.117624,VS0,VE336
Vary: Authorization,Accept-Encoding,Origin
Access-Control-Allow-Origin: *
Cross-Origin-Resource-Policy: cross-origin
X-Fastly-Request-ID: 880357baaf8e3feca0d0752692250d8cdd57952f
Expires: Sat, 22 Jul 2023 07:28:08 GMT
Source-Age: 0

]
[2023-07-22 12:53:13,821: INFO: main: >>>>> stage Data Ingestion stage completed <<<<<< 

 x=========x]
[2023-07-22 16:47:16,352: INFO: common: yaml file: config\config.yaml loaded successfully]
[2023-07-22 16:47:16,363: INFO: common: yaml file: params.yaml loaded successfully]
[2023-07-22 16:47:16,365: INFO: common: created directory at: artifacts]
[2023-07-22 16:47:31,825: INFO: common: yaml file: config\config.yaml loaded successfully]
[2023-07-22 16:47:31,827: INFO: common: yaml file: params.yaml loaded successfully]
[2023-07-22 16:47:31,829: INFO: common: created directory at: artifacts]
[2023-07-22 16:48:05,048: INFO: common: yaml file: config\config.yaml loaded successfully]
[2023-07-22 16:48:05,050: INFO: common: yaml file: params.yaml loaded successfully]
[2023-07-22 16:48:05,052: INFO: common: created directory at: artifacts]
[2023-07-22 16:48:05,053: INFO: common: created directory at: artifacts/data_ingestion]
[2023-07-22 16:50:10,726: INFO: common: yaml file: config\config.yaml loaded successfully]
[2023-07-22 16:50:10,730: INFO: common: yaml file: params.yaml loaded successfully]
[2023-07-22 16:50:10,732: INFO: common: created directory at: artifacts]
[2023-07-22 16:50:10,733: INFO: common: created directory at: artifacts/data_validation]
[2023-07-22 17:01:25,063: INFO: main: >>>>> stage Data Ingestion stage started <<<<<]
[2023-07-22 17:01:25,066: INFO: common: yaml file: config\config.yaml loaded successfully]
[2023-07-22 17:01:25,066: INFO: common: yaml file: params.yaml loaded successfully]
[2023-07-22 17:01:25,067: INFO: common: created directory at: artifacts]
[2023-07-22 17:01:25,067: INFO: common: created directory at: artifacts/data_ingestion]
[2023-07-22 17:01:29,331: INFO: data_ingestion: artifacts/data_ingestion/data.zip download! with following info: 
Connection: close
Content-Length: 7903594
Cache-Control: max-age=300
Content-Security-Policy: default-src 'none'; style-src 'unsafe-inline'; sandbox
Content-Type: application/zip
ETag: "dbc016a060da18070593b83afff580c9b300f0b6ea4147a7988433e04df246ca"
Strict-Transport-Security: max-age=31536000
X-Content-Type-Options: nosniff
X-Frame-Options: deny
X-XSS-Protection: 1; mode=block
X-GitHub-Request-Id: 9E7E:2B7A83:EA00C:13FCFA:64BBBE0C
Accept-Ranges: bytes
Date: Sat, 22 Jul 2023 11:31:26 GMT
Via: 1.1 varnish
X-Served-By: cache-del21748-DEL
X-Cache: MISS
X-Cache-Hits: 0
X-Timer: S1690025486.924720,VS0,VE813
Vary: Authorization,Accept-Encoding,Origin
Access-Control-Allow-Origin: *
Cross-Origin-Resource-Policy: cross-origin
X-Fastly-Request-ID: d263611fc10fea10dbf73a1a806ff41d99295ea6
Expires: Sat, 22 Jul 2023 11:36:26 GMT
Source-Age: 0

]
[2023-07-22 17:01:29,457: INFO: main: >>>>> stage Data Ingestion stage completed <<<<<< 

 x=========x]
[2023-07-22 17:01:29,458: INFO: main: >>>>> stage Data Validation stage started <<<<<]
[2023-07-22 17:01:29,460: INFO: common: yaml file: config\config.yaml loaded successfully]
[2023-07-22 17:01:29,461: INFO: common: yaml file: params.yaml loaded successfully]
[2023-07-22 17:01:29,462: INFO: common: created directory at: artifacts]
[2023-07-22 17:01:29,463: INFO: common: created directory at: artifacts/data_validation]
[2023-07-22 17:01:29,465: INFO: main: >>>>> stage Data Validation stage completed <<<<<< 

 x=========x]
[2023-07-22 20:04:16,843: INFO: common: yaml file: config\config.yaml loaded successfully]
[2023-07-22 20:04:16,849: INFO: common: yaml file: params.yaml loaded successfully]
[2023-07-22 20:04:16,851: INFO: common: created directory at: artifacts]
[2023-07-22 20:04:16,854: INFO: common: created directory at: artifacts/data_transformation]
[2023-07-22 20:04:48,554: INFO: common: yaml file: config\config.yaml loaded successfully]
[2023-07-22 20:04:48,556: INFO: common: yaml file: params.yaml loaded successfully]
[2023-07-22 20:04:48,558: INFO: common: created directory at: artifacts]
[2023-07-22 20:04:48,560: INFO: common: created directory at: artifacts/data_transformation]
[2023-07-22 20:04:59,156: INFO: common: yaml file: config\config.yaml loaded successfully]
[2023-07-22 20:04:59,159: INFO: common: yaml file: params.yaml loaded successfully]
[2023-07-22 20:04:59,161: INFO: common: created directory at: artifacts]
[2023-07-22 20:04:59,163: INFO: common: created directory at: artifacts/data_transformation]
[2023-07-22 20:19:23,894: INFO: main: >>>>> stage Data Ingestion stage started <<<<<]
[2023-07-22 20:19:23,899: INFO: common: yaml file: config\config.yaml loaded successfully]
[2023-07-22 20:19:23,900: INFO: common: yaml file: params.yaml loaded successfully]
[2023-07-22 20:19:23,901: INFO: common: created directory at: artifacts]
[2023-07-22 20:19:23,902: INFO: common: created directory at: artifacts/data_ingestion]
[2023-07-22 20:19:28,877: INFO: data_ingestion: artifacts/data_ingestion/data.zip download! with following info: 
Connection: close
Content-Length: 7903594
Cache-Control: max-age=300
Content-Security-Policy: default-src 'none'; style-src 'unsafe-inline'; sandbox
Content-Type: application/zip
ETag: "dbc016a060da18070593b83afff580c9b300f0b6ea4147a7988433e04df246ca"
Strict-Transport-Security: max-age=31536000
X-Content-Type-Options: nosniff
X-Frame-Options: deny
X-XSS-Protection: 1; mode=block
X-GitHub-Request-Id: E7F8:3DCDE6:25AE7F:356706:64BBEC73
Accept-Ranges: bytes
Date: Sat, 22 Jul 2023 14:49:25 GMT
Via: 1.1 varnish
X-Served-By: cache-del21728-DEL
X-Cache: MISS
X-Cache-Hits: 0
X-Timer: S1690037364.262110,VS0,VE741
Vary: Authorization,Accept-Encoding,Origin
Access-Control-Allow-Origin: *
Cross-Origin-Resource-Policy: cross-origin
X-Fastly-Request-ID: 2a5f75bb79a34699079f57f56e02bccfe40a1e44
Expires: Sat, 22 Jul 2023 14:54:25 GMT
Source-Age: 0

]
[2023-07-22 20:19:29,003: INFO: main: >>>>> stage Data Ingestion stage completed <<<<<< 

 x=========x]
[2023-07-22 20:19:29,004: INFO: main: >>>>> stage Data Validation stage started <<<<<]
[2023-07-22 20:19:29,007: INFO: common: yaml file: config\config.yaml loaded successfully]
[2023-07-22 20:19:29,008: INFO: common: yaml file: params.yaml loaded successfully]
[2023-07-22 20:19:29,008: INFO: common: created directory at: artifacts]
[2023-07-22 20:19:29,009: INFO: common: created directory at: artifacts/data_validation]
[2023-07-22 20:19:29,012: INFO: main: >>>>> stage Data Validation stage completed <<<<<< 

 x=========x]
[2023-07-22 20:19:29,012: INFO: main: >>>>> stage Data Transformation stage started <<<<<]
[2023-07-22 20:19:29,017: INFO: common: yaml file: config\config.yaml loaded successfully]
[2023-07-22 20:19:29,018: INFO: common: yaml file: params.yaml loaded successfully]
[2023-07-22 20:19:29,019: INFO: common: created directory at: artifacts]
[2023-07-22 20:19:29,020: INFO: common: created directory at: artifacts/data_transformation]
[2023-07-22 20:19:33,882: INFO: main: >>>>> stage Data Transformation stage completed <<<<<< 

 x=========x]
[2023-07-22 21:04:01,034: INFO: common: yaml file: config\config.yaml loaded successfully]
[2023-07-22 21:04:01,050: INFO: common: yaml file: params.yaml loaded successfully]
[2023-07-22 21:04:01,054: INFO: common: created directory at: artifacts]
[2023-07-22 21:04:01,057: INFO: common: created directory at: artifacts/model_trainer]
[2023-07-22 21:15:58,690: INFO: common: yaml file: config\config.yaml loaded successfully]
[2023-07-22 21:15:58,702: INFO: common: yaml file: params.yaml loaded successfully]
[2023-07-22 21:15:58,705: INFO: common: created directory at: artifacts]
[2023-07-22 21:15:58,708: INFO: common: created directory at: artifacts/model_trainer]
[2023-07-22 21:30:46,334: INFO: main: >>>>> stage Data Ingestion stage started <<<<<]
[2023-07-22 21:30:46,338: INFO: common: yaml file: config\config.yaml loaded successfully]
[2023-07-22 21:30:46,341: INFO: common: yaml file: params.yaml loaded successfully]
[2023-07-22 21:30:46,341: INFO: common: created directory at: artifacts]
[2023-07-22 21:30:46,342: INFO: common: created directory at: artifacts/data_ingestion]
[2023-07-22 21:30:56,696: INFO: data_ingestion: artifacts/data_ingestion/data.zip download! with following info: 
Connection: close
Content-Length: 7903594
Cache-Control: max-age=300
Content-Security-Policy: default-src 'none'; style-src 'unsafe-inline'; sandbox
Content-Type: application/zip
ETag: "dbc016a060da18070593b83afff580c9b300f0b6ea4147a7988433e04df246ca"
Strict-Transport-Security: max-age=31536000
X-Content-Type-Options: nosniff
X-Frame-Options: deny
X-XSS-Protection: 1; mode=block
X-GitHub-Request-Id: 3A9A:32F20E:1A4F3B:24D40D:64BBFD2C
Accept-Ranges: bytes
Date: Sat, 22 Jul 2023 16:00:51 GMT
Via: 1.1 varnish
X-Served-By: cache-del21750-DEL
X-Cache: MISS
X-Cache-Hits: 0
X-Timer: S1690041647.592062,VS0,VE5343
Vary: Authorization,Accept-Encoding,Origin
Access-Control-Allow-Origin: *
Cross-Origin-Resource-Policy: cross-origin
X-Fastly-Request-ID: 617cbbb5468c4b84305faf3a11cf3bf27793dbfb
Expires: Sat, 22 Jul 2023 16:05:51 GMT
Source-Age: 5

]
[2023-07-22 21:30:56,808: INFO: main: >>>>> stage Data Ingestion stage completed <<<<<< 

 x=========x]
[2023-07-22 21:30:56,808: INFO: main: >>>>> stage Data Validation stage started <<<<<]
[2023-07-22 21:30:56,812: INFO: common: yaml file: config\config.yaml loaded successfully]
[2023-07-22 21:30:56,815: INFO: common: yaml file: params.yaml loaded successfully]
[2023-07-22 21:30:56,816: INFO: common: created directory at: artifacts]
[2023-07-22 21:30:56,816: INFO: common: created directory at: artifacts/data_validation]
[2023-07-22 21:30:56,821: INFO: main: >>>>> stage Data Validation stage completed <<<<<< 

 x=========x]
[2023-07-22 21:30:56,821: INFO: main: >>>>> stage Data Transformation stage started <<<<<]
[2023-07-22 21:30:56,831: INFO: common: yaml file: config\config.yaml loaded successfully]
[2023-07-22 21:30:56,834: INFO: common: yaml file: params.yaml loaded successfully]
[2023-07-22 21:30:56,839: INFO: common: created directory at: artifacts]
[2023-07-22 21:30:56,841: INFO: common: created directory at: artifacts/data_transformation]
[2023-07-22 21:31:01,755: INFO: main: >>>>> stage Data Transformation stage completed <<<<<< 

 x=========x]
[2023-07-22 21:31:01,756: INFO: main: >>>>> stage Model Trainer stage started <<<<<]
[2023-07-22 21:31:01,761: INFO: common: yaml file: config\config.yaml loaded successfully]
[2023-07-22 21:31:01,764: INFO: common: yaml file: params.yaml loaded successfully]
[2023-07-22 21:31:01,765: INFO: common: created directory at: artifacts]
[2023-07-22 21:31:01,766: INFO: common: created directory at: artifacts/model_trainer]
[2023-07-22 21:31:30,415: ERROR: main: Using the `Trainer` with `PyTorch` requires `accelerate>=0.20.1`: Please run `pip install transformers[torch]` or `pip install accelerate -U`]
Traceback (most recent call last):
  File "main.py", line 41, in <module>
    model_training.main()
  File "c:\users\asus\desktop\textsummarizer\src\textSummarizer\pipeline\stage_04_model_trainer.py", line 13, in main
    model_trainer_config.train()
  File "c:\users\asus\desktop\textsummarizer\src\textSummarizer\components\model_trainer.py", line 22, in train
    trainer_args = TrainingArguments(
  File "<string>", line 112, in __init__
  File "C:\Users\ASUS\miniconda3\envs\textS\lib\site-packages\transformers\training_args.py", line 1372, in __post_init__
    and (self.device.type != "cuda")
  File "C:\Users\ASUS\miniconda3\envs\textS\lib\site-packages\transformers\training_args.py", line 1795, in device
    return self._setup_devices
  File "C:\Users\ASUS\miniconda3\envs\textS\lib\site-packages\transformers\utils\generic.py", line 54, in __get__
    cached = self.fget(obj)
  File "C:\Users\ASUS\miniconda3\envs\textS\lib\site-packages\transformers\training_args.py", line 1716, in _setup_devices
    raise ImportError(
ImportError: Using the `Trainer` with `PyTorch` requires `accelerate>=0.20.1`: Please run `pip install transformers[torch]` or `pip install accelerate -U`
[2023-07-22 21:32:27,482: INFO: main: >>>>> stage Data Ingestion stage started <<<<<]
[2023-07-22 21:32:27,487: INFO: common: yaml file: config\config.yaml loaded successfully]
[2023-07-22 21:32:27,492: INFO: common: yaml file: params.yaml loaded successfully]
[2023-07-22 21:32:27,493: INFO: common: created directory at: artifacts]
[2023-07-22 21:32:27,494: INFO: common: created directory at: artifacts/data_ingestion]
[2023-07-22 21:32:27,495: INFO: data_ingestion: File already exists of size: ~ 7718 KB]
[2023-07-22 21:32:27,606: INFO: main: >>>>> stage Data Ingestion stage completed <<<<<< 

 x=========x]
[2023-07-22 21:32:27,607: INFO: main: >>>>> stage Data Validation stage started <<<<<]
[2023-07-22 21:32:27,611: INFO: common: yaml file: config\config.yaml loaded successfully]
[2023-07-22 21:32:27,614: INFO: common: yaml file: params.yaml loaded successfully]
[2023-07-22 21:32:27,615: INFO: common: created directory at: artifacts]
[2023-07-22 21:32:27,616: INFO: common: created directory at: artifacts/data_validation]
[2023-07-22 21:32:27,618: INFO: main: >>>>> stage Data Validation stage completed <<<<<< 

 x=========x]
[2023-07-22 21:32:27,619: INFO: main: >>>>> stage Data Transformation stage started <<<<<]
[2023-07-22 21:32:27,623: INFO: common: yaml file: config\config.yaml loaded successfully]
[2023-07-22 21:32:27,626: INFO: common: yaml file: params.yaml loaded successfully]
[2023-07-22 21:32:27,627: INFO: common: created directory at: artifacts]
[2023-07-22 21:32:27,628: INFO: common: created directory at: artifacts/data_transformation]
[2023-07-22 21:32:29,321: WARNING: arrow_dataset: Loading cached processed dataset at C:\Users\ASUS\Desktop\textSummarizer\artifacts\data_ingestion\samsum_dataset\train\cache-b351a43c67b25ca6.arrow]
[2023-07-22 21:32:31,711: WARNING: arrow_dataset: Loading cached processed dataset at C:\Users\ASUS\Desktop\textSummarizer\artifacts\data_ingestion\samsum_dataset\validation\cache-a0a13ba6948adb18.arrow]
[2023-07-22 21:32:31,827: INFO: main: >>>>> stage Data Transformation stage completed <<<<<< 

 x=========x]
[2023-07-22 21:32:31,828: INFO: main: >>>>> stage Model Trainer stage started <<<<<]
[2023-07-22 21:32:31,832: INFO: common: yaml file: config\config.yaml loaded successfully]
[2023-07-22 21:32:31,835: INFO: common: yaml file: params.yaml loaded successfully]
[2023-07-22 21:32:31,836: INFO: common: created directory at: artifacts]
[2023-07-22 21:32:31,837: INFO: common: created directory at: artifacts/model_trainer]
[2023-07-22 21:32:54,673: ERROR: main: Invalid key: 6936 is out of bounds for size 0]
Traceback (most recent call last):
  File "main.py", line 41, in <module>
    model_training.main()
  File "c:\users\asus\desktop\textsummarizer\src\textSummarizer\pipeline\stage_04_model_trainer.py", line 13, in main
    model_trainer_config.train()
  File "c:\users\asus\desktop\textsummarizer\src\textSummarizer\components\model_trainer.py", line 35, in train
    trainer.train()
  File "C:\Users\ASUS\miniconda3\envs\textS\lib\site-packages\transformers\trainer.py", line 1539, in train
    return inner_training_loop(
  File "C:\Users\ASUS\miniconda3\envs\textS\lib\site-packages\transformers\trainer.py", line 1787, in _inner_training_loop
    for step, inputs in enumerate(epoch_iterator):
  File "C:\Users\ASUS\miniconda3\envs\textS\lib\site-packages\accelerate\data_loader.py", line 384, in __iter__
    current_batch = next(dataloader_iter)
  File "C:\Users\ASUS\miniconda3\envs\textS\lib\site-packages\torch\utils\data\dataloader.py", line 633, in __next__
    data = self._next_data()
  File "C:\Users\ASUS\miniconda3\envs\textS\lib\site-packages\torch\utils\data\dataloader.py", line 677, in _next_data
    data = self._dataset_fetcher.fetch(index)  # may raise StopIteration
  File "C:\Users\ASUS\miniconda3\envs\textS\lib\site-packages\torch\utils\data\_utils\fetch.py", line 49, in fetch
    data = self.dataset.__getitems__(possibly_batched_index)
  File "C:\Users\ASUS\miniconda3\envs\textS\lib\site-packages\datasets\arrow_dataset.py", line 2796, in __getitems__
    batch = self.__getitem__(keys)
  File "C:\Users\ASUS\miniconda3\envs\textS\lib\site-packages\datasets\arrow_dataset.py", line 2792, in __getitem__
    return self._getitem(key)
  File "C:\Users\ASUS\miniconda3\envs\textS\lib\site-packages\datasets\arrow_dataset.py", line 2776, in _getitem
    pa_subtable = query_table(self._data, key, indices=self._indices if self._indices is not None else None)
  File "C:\Users\ASUS\miniconda3\envs\textS\lib\site-packages\datasets\formatting\formatting.py", line 583, in query_table
    _check_valid_index_key(key, size)
  File "C:\Users\ASUS\miniconda3\envs\textS\lib\site-packages\datasets\formatting\formatting.py", line 536, in _check_valid_index_key
    _check_valid_index_key(int(max(key)), size=size)
  File "C:\Users\ASUS\miniconda3\envs\textS\lib\site-packages\datasets\formatting\formatting.py", line 526, in _check_valid_index_key
    raise IndexError(f"Invalid key: {key} is out of bounds for size {size}")
IndexError: Invalid key: 6936 is out of bounds for size 0
[2023-07-22 21:34:01,327: INFO: common: yaml file: config\config.yaml loaded successfully]
[2023-07-22 21:34:01,333: INFO: common: yaml file: params.yaml loaded successfully]
[2023-07-22 21:34:01,335: INFO: common: created directory at: artifacts]
[2023-07-22 21:34:01,337: INFO: common: created directory at: artifacts/model_trainer]
[2023-07-22 21:34:48,088: INFO: common: yaml file: config\config.yaml loaded successfully]
[2023-07-22 21:34:48,097: INFO: common: yaml file: params.yaml loaded successfully]
[2023-07-22 21:34:48,100: INFO: common: created directory at: artifacts]
[2023-07-22 21:34:48,102: INFO: common: created directory at: artifacts/model_trainer]
[2023-07-22 21:36:19,330: INFO: common: yaml file: config\config.yaml loaded successfully]
[2023-07-22 21:36:19,340: INFO: common: yaml file: params.yaml loaded successfully]
[2023-07-22 21:36:19,343: INFO: common: created directory at: artifacts]
[2023-07-22 21:36:19,345: INFO: common: created directory at: artifacts/model_trainer]
[2023-07-22 21:36:45,414: INFO: common: yaml file: config\config.yaml loaded successfully]
[2023-07-22 21:36:45,420: INFO: common: yaml file: params.yaml loaded successfully]
[2023-07-22 21:36:45,422: INFO: common: created directory at: artifacts]
[2023-07-22 21:36:45,424: INFO: common: created directory at: artifacts/data_ingestion]
[2023-07-22 21:36:49,919: INFO: 2634481129: artifacts/data_ingestion/data.zip download! with following info: 
Connection: close
Content-Length: 7903594
Cache-Control: max-age=300
Content-Security-Policy: default-src 'none'; style-src 'unsafe-inline'; sandbox
Content-Type: application/zip
ETag: "dbc016a060da18070593b83afff580c9b300f0b6ea4147a7988433e04df246ca"
Strict-Transport-Security: max-age=31536000
X-Content-Type-Options: nosniff
X-Frame-Options: deny
X-XSS-Protection: 1; mode=block
X-GitHub-Request-Id: 3A9A:32F20E:1A4F3B:24D40D:64BBFD2C
Accept-Ranges: bytes
Date: Sat, 22 Jul 2023 16:06:45 GMT
Via: 1.1 varnish
X-Served-By: cache-del21738-DEL
X-Cache: HIT
X-Cache-Hits: 0
X-Timer: S1690042006.677674,VS0,VE304
Vary: Authorization,Accept-Encoding,Origin
Access-Control-Allow-Origin: *
Cross-Origin-Resource-Policy: cross-origin
X-Fastly-Request-ID: 784edcd8a14ea8ab01ec0b80a8030136ebb31e51
Expires: Sat, 22 Jul 2023 16:11:45 GMT
Source-Age: 0

]
[2023-07-22 21:36:54,808: INFO: common: yaml file: config\config.yaml loaded successfully]
[2023-07-22 21:36:54,812: INFO: common: yaml file: params.yaml loaded successfully]
[2023-07-22 21:36:54,814: INFO: common: created directory at: artifacts]
[2023-07-22 21:36:54,816: INFO: common: created directory at: artifacts/data_validation]
[2023-07-22 21:37:09,128: INFO: common: yaml file: config\config.yaml loaded successfully]
[2023-07-22 21:37:09,133: INFO: common: yaml file: params.yaml loaded successfully]
[2023-07-22 21:37:09,135: INFO: common: created directory at: artifacts]
[2023-07-22 21:37:09,136: INFO: common: created directory at: artifacts/data_transformation]
[2023-07-22 21:41:43,447: INFO: common: yaml file: config\config.yaml loaded successfully]
[2023-07-22 21:41:43,451: INFO: common: yaml file: params.yaml loaded successfully]
[2023-07-22 21:41:43,453: INFO: common: created directory at: artifacts]
[2023-07-22 21:41:43,455: INFO: common: created directory at: artifacts/model_trainer]
[2023-07-22 21:43:21,525: INFO: common: yaml file: config\config.yaml loaded successfully]
[2023-07-22 21:43:21,533: INFO: common: yaml file: params.yaml loaded successfully]
[2023-07-22 21:43:21,536: INFO: common: created directory at: artifacts]
[2023-07-22 21:43:21,538: INFO: common: created directory at: artifacts/model_trainer]
[2023-07-22 21:48:42,268: INFO: common: yaml file: config\config.yaml loaded successfully]
[2023-07-22 21:48:42,278: INFO: common: yaml file: params.yaml loaded successfully]
[2023-07-22 21:48:42,281: INFO: common: created directory at: artifacts]
[2023-07-22 21:48:42,283: INFO: common: created directory at: artifacts/model_trainer]
[2023-07-23 01:04:23,678: INFO: main: >>>>> stage Data Ingestion stage started <<<<<]
[2023-07-23 01:04:23,693: INFO: common: yaml file: config\config.yaml loaded successfully]
[2023-07-23 01:04:23,693: INFO: common: yaml file: params.yaml loaded successfully]
[2023-07-23 01:04:23,693: INFO: common: created directory at: artifacts]
[2023-07-23 01:04:23,693: INFO: common: created directory at: artifacts/data_ingestion]
[2023-07-23 01:04:31,460: INFO: data_ingestion: artifacts/data_ingestion/data.zip download! with following info: 
Connection: close
Content-Length: 7903594
Cache-Control: max-age=300
Content-Security-Policy: default-src 'none'; style-src 'unsafe-inline'; sandbox
Content-Type: application/zip
ETag: "dbc016a060da18070593b83afff580c9b300f0b6ea4147a7988433e04df246ca"
Strict-Transport-Security: max-age=31536000
X-Content-Type-Options: nosniff
X-Frame-Options: deny
X-XSS-Protection: 1; mode=block
X-GitHub-Request-Id: 67F8:351825:3EF4A:59E75:64BC2F3E
Accept-Ranges: bytes
Date: Sat, 22 Jul 2023 19:34:26 GMT
Via: 1.1 varnish
X-Served-By: cache-del21727-DEL
X-Cache: MISS
X-Cache-Hits: 0
X-Timer: S1690054465.459471,VS0,VE783
Vary: Authorization,Accept-Encoding,Origin
Access-Control-Allow-Origin: *
Cross-Origin-Resource-Policy: cross-origin
X-Fastly-Request-ID: 966be3462f6bb1e87ec46580f5aa4c7446500c25
Expires: Sat, 22 Jul 2023 19:39:26 GMT
Source-Age: 0

]
[2023-07-23 01:04:31,666: INFO: main: >>>>> stage Data Ingestion stage completed <<<<<< 

 x=========x]
[2023-07-23 01:04:31,666: INFO: main: >>>>> stage Data Validation stage started <<<<<]
[2023-07-23 01:04:31,669: INFO: common: yaml file: config\config.yaml loaded successfully]
[2023-07-23 01:04:31,675: INFO: common: yaml file: params.yaml loaded successfully]
[2023-07-23 01:04:31,675: INFO: common: created directory at: artifacts]
[2023-07-23 01:04:31,675: INFO: common: created directory at: artifacts/data_validation]
[2023-07-23 01:04:31,683: INFO: main: >>>>> stage Data Validation stage completed <<<<<< 

 x=========x]
[2023-07-23 01:04:31,683: INFO: main: >>>>> stage Data Transformation stage started <<<<<]
[2023-07-23 01:04:31,691: INFO: common: yaml file: config\config.yaml loaded successfully]
[2023-07-23 01:04:31,691: INFO: common: yaml file: params.yaml loaded successfully]
[2023-07-23 01:04:31,699: INFO: common: created directory at: artifacts]
[2023-07-23 01:04:31,699: INFO: common: created directory at: artifacts/data_transformation]
[2023-07-23 01:04:39,669: INFO: main: >>>>> stage Data Transformation stage completed <<<<<< 

 x=========x]
[2023-07-23 01:04:39,669: INFO: main: >>>>> stage Model Trainer stage started <<<<<]
[2023-07-23 01:04:39,677: INFO: common: yaml file: config\config.yaml loaded successfully]
[2023-07-23 01:04:39,677: INFO: common: yaml file: params.yaml loaded successfully]
[2023-07-23 01:04:39,677: INFO: common: created directory at: artifacts]
[2023-07-23 01:04:39,677: INFO: common: created directory at: artifacts/model_trainer]
[2023-07-23 01:05:17,585: ERROR: main: Invalid key: 6936 is out of bounds for size 0]
Traceback (most recent call last):
  File "main.py", line 41, in <module>
    model_training.main()
  File "c:\users\asus\desktop\textsummarizer\src\textSummarizer\pipeline\stage_04_model_trainer.py", line 13, in main
    model_trainer_config.train()
  File "c:\users\asus\desktop\textsummarizer\src\textSummarizer\components\model_trainer.py", line 35, in train
    trainer.train()
  File "C:\Users\ASUS\miniconda3\envs\textS\lib\site-packages\transformers\trainer.py", line 1539, in train
    return inner_training_loop(
  File "C:\Users\ASUS\miniconda3\envs\textS\lib\site-packages\transformers\trainer.py", line 1787, in _inner_training_loop
    for step, inputs in enumerate(epoch_iterator):
  File "C:\Users\ASUS\miniconda3\envs\textS\lib\site-packages\accelerate\data_loader.py", line 384, in __iter__
    current_batch = next(dataloader_iter)
  File "C:\Users\ASUS\miniconda3\envs\textS\lib\site-packages\torch\utils\data\dataloader.py", line 633, in __next__
    data = self._next_data()
  File "C:\Users\ASUS\miniconda3\envs\textS\lib\site-packages\torch\utils\data\dataloader.py", line 677, in _next_data
    data = self._dataset_fetcher.fetch(index)  # may raise StopIteration
  File "C:\Users\ASUS\miniconda3\envs\textS\lib\site-packages\torch\utils\data\_utils\fetch.py", line 49, in fetch
    data = self.dataset.__getitems__(possibly_batched_index)
  File "C:\Users\ASUS\miniconda3\envs\textS\lib\site-packages\datasets\arrow_dataset.py", line 2796, in __getitems__
    batch = self.__getitem__(keys)
  File "C:\Users\ASUS\miniconda3\envs\textS\lib\site-packages\datasets\arrow_dataset.py", line 2792, in __getitem__
    return self._getitem(key)
  File "C:\Users\ASUS\miniconda3\envs\textS\lib\site-packages\datasets\arrow_dataset.py", line 2776, in _getitem
    pa_subtable = query_table(self._data, key, indices=self._indices if self._indices is not None else None)
  File "C:\Users\ASUS\miniconda3\envs\textS\lib\site-packages\datasets\formatting\formatting.py", line 583, in query_table
    _check_valid_index_key(key, size)
  File "C:\Users\ASUS\miniconda3\envs\textS\lib\site-packages\datasets\formatting\formatting.py", line 536, in _check_valid_index_key
    _check_valid_index_key(int(max(key)), size=size)
  File "C:\Users\ASUS\miniconda3\envs\textS\lib\site-packages\datasets\formatting\formatting.py", line 526, in _check_valid_index_key
    raise IndexError(f"Invalid key: {key} is out of bounds for size {size}")
IndexError: Invalid key: 6936 is out of bounds for size 0
[2023-07-23 01:06:11,724: INFO: main: >>>>> stage Data Ingestion stage started <<<<<]
[2023-07-23 01:06:11,742: INFO: common: yaml file: config\config.yaml loaded successfully]
[2023-07-23 01:06:11,749: INFO: common: yaml file: params.yaml loaded successfully]
[2023-07-23 01:06:11,749: INFO: common: created directory at: artifacts]
[2023-07-23 01:06:11,749: INFO: common: created directory at: artifacts/data_ingestion]
[2023-07-23 01:06:11,749: INFO: data_ingestion: File already exists of size: ~ 7718 KB]
[2023-07-23 01:06:11,986: INFO: main: >>>>> stage Data Ingestion stage completed <<<<<< 

 x=========x]
[2023-07-23 01:06:11,986: INFO: main: >>>>> stage Data Validation stage started <<<<<]
[2023-07-23 01:06:11,994: INFO: common: yaml file: config\config.yaml loaded successfully]
[2023-07-23 01:06:12,002: INFO: common: yaml file: params.yaml loaded successfully]
[2023-07-23 01:06:12,002: INFO: common: created directory at: artifacts]
[2023-07-23 01:06:12,010: INFO: common: created directory at: artifacts/data_validation]
[2023-07-23 01:06:12,010: INFO: main: >>>>> stage Data Validation stage completed <<<<<< 

 x=========x]
[2023-07-23 01:06:12,010: INFO: main: >>>>> stage Data Transformation stage started <<<<<]
[2023-07-23 01:06:12,018: INFO: common: yaml file: config\config.yaml loaded successfully]
[2023-07-23 01:06:12,026: INFO: common: yaml file: params.yaml loaded successfully]
[2023-07-23 01:06:12,026: INFO: common: created directory at: artifacts]
[2023-07-23 01:06:12,034: INFO: common: created directory at: artifacts/data_transformation]
[2023-07-23 01:06:15,293: WARNING: arrow_dataset: Loading cached processed dataset at C:\Users\ASUS\Desktop\textSummarizer\artifacts\data_ingestion\samsum_dataset\train\cache-b351a43c67b25ca6.arrow]
[2023-07-23 01:06:15,804: WARNING: arrow_dataset: Loading cached processed dataset at C:\Users\ASUS\Desktop\textSummarizer\artifacts\data_ingestion\samsum_dataset\validation\cache-a0a13ba6948adb18.arrow]
[2023-07-23 01:06:16,000: INFO: main: >>>>> stage Data Transformation stage completed <<<<<< 

 x=========x]
[2023-07-23 01:06:16,000: INFO: main: >>>>> stage Model Trainer stage started <<<<<]
[2023-07-23 01:06:16,020: INFO: common: yaml file: config\config.yaml loaded successfully]
[2023-07-23 01:06:16,028: INFO: common: yaml file: params.yaml loaded successfully]
[2023-07-23 01:06:16,028: INFO: common: created directory at: artifacts]
[2023-07-23 01:06:16,028: INFO: common: created directory at: artifacts/model_trainer]
[2023-07-23 01:06:43,792: ERROR: main: Invalid key: 1 is out of bounds for size 0]
Traceback (most recent call last):
  File "main.py", line 41, in <module>
    model_training.main()
  File "c:\users\asus\desktop\textsummarizer\src\textSummarizer\pipeline\stage_04_model_trainer.py", line 13, in main
    model_trainer_config.train()
  File "c:\users\asus\desktop\textsummarizer\src\textSummarizer\components\model_trainer.py", line 35, in train
    trainer.train()
  File "C:\Users\ASUS\miniconda3\envs\textS\lib\site-packages\transformers\trainer.py", line 1539, in train
    return inner_training_loop(
  File "C:\Users\ASUS\miniconda3\envs\textS\lib\site-packages\transformers\trainer.py", line 1787, in _inner_training_loop
    for step, inputs in enumerate(epoch_iterator):
  File "C:\Users\ASUS\miniconda3\envs\textS\lib\site-packages\accelerate\data_loader.py", line 384, in __iter__
    current_batch = next(dataloader_iter)
  File "C:\Users\ASUS\miniconda3\envs\textS\lib\site-packages\torch\utils\data\dataloader.py", line 633, in __next__
    data = self._next_data()
  File "C:\Users\ASUS\miniconda3\envs\textS\lib\site-packages\torch\utils\data\dataloader.py", line 677, in _next_data
    data = self._dataset_fetcher.fetch(index)  # may raise StopIteration
  File "C:\Users\ASUS\miniconda3\envs\textS\lib\site-packages\torch\utils\data\_utils\fetch.py", line 49, in fetch
    data = self.dataset.__getitems__(possibly_batched_index)
  File "C:\Users\ASUS\miniconda3\envs\textS\lib\site-packages\datasets\arrow_dataset.py", line 2796, in __getitems__
    batch = self.__getitem__(keys)
  File "C:\Users\ASUS\miniconda3\envs\textS\lib\site-packages\datasets\arrow_dataset.py", line 2792, in __getitem__
    return self._getitem(key)
  File "C:\Users\ASUS\miniconda3\envs\textS\lib\site-packages\datasets\arrow_dataset.py", line 2776, in _getitem
    pa_subtable = query_table(self._data, key, indices=self._indices if self._indices is not None else None)
  File "C:\Users\ASUS\miniconda3\envs\textS\lib\site-packages\datasets\formatting\formatting.py", line 583, in query_table
    _check_valid_index_key(key, size)
  File "C:\Users\ASUS\miniconda3\envs\textS\lib\site-packages\datasets\formatting\formatting.py", line 536, in _check_valid_index_key
    _check_valid_index_key(int(max(key)), size=size)
  File "C:\Users\ASUS\miniconda3\envs\textS\lib\site-packages\datasets\formatting\formatting.py", line 526, in _check_valid_index_key
    raise IndexError(f"Invalid key: {key} is out of bounds for size {size}")
IndexError: Invalid key: 1 is out of bounds for size 0
[2023-07-23 01:07:21,137: INFO: common: yaml file: config\config.yaml loaded successfully]
[2023-07-23 01:07:21,145: INFO: common: yaml file: params.yaml loaded successfully]
[2023-07-23 01:07:21,153: INFO: common: created directory at: artifacts]
[2023-07-23 01:07:21,153: INFO: common: created directory at: artifacts/model_trainer]
[2023-07-23 01:14:48,783: INFO: common: yaml file: config\config.yaml loaded successfully]
[2023-07-23 01:14:48,796: INFO: common: yaml file: params.yaml loaded successfully]
[2023-07-23 01:14:48,796: INFO: common: created directory at: artifacts]
[2023-07-23 01:14:48,804: INFO: common: created directory at: artifacts/data_transformation]
[2023-07-23 01:15:47,069: INFO: main: >>>>> stage Data Ingestion stage started <<<<<]
[2023-07-23 01:15:47,086: INFO: common: yaml file: config\config.yaml loaded successfully]
[2023-07-23 01:15:47,086: INFO: common: yaml file: params.yaml loaded successfully]
[2023-07-23 01:15:47,094: INFO: common: created directory at: artifacts]
[2023-07-23 01:15:47,094: INFO: common: created directory at: artifacts/data_ingestion]
[2023-07-23 01:15:51,723: INFO: data_ingestion: artifacts/data_ingestion/data.zip download! with following info: 
Connection: close
Content-Length: 7903594
Cache-Control: max-age=300
Content-Security-Policy: default-src 'none'; style-src 'unsafe-inline'; sandbox
Content-Type: application/zip
ETag: "dbc016a060da18070593b83afff580c9b300f0b6ea4147a7988433e04df246ca"
Strict-Transport-Security: max-age=31536000
X-Content-Type-Options: nosniff
X-Frame-Options: deny
X-XSS-Protection: 1; mode=block
X-GitHub-Request-Id: 67F8:351825:3EF4A:59E75:64BC2F3E
Accept-Ranges: bytes
Date: Sat, 22 Jul 2023 19:45:48 GMT
Via: 1.1 varnish
X-Served-By: cache-del21731-DEL
X-Cache: HIT
X-Cache-Hits: 0
X-Timer: S1690055148.471367,VS0,VE288
Vary: Authorization,Accept-Encoding,Origin
Access-Control-Allow-Origin: *
Cross-Origin-Resource-Policy: cross-origin
X-Fastly-Request-ID: 071f0975abd892792370e5bd5eb3d7009c750a2e
Expires: Sat, 22 Jul 2023 19:50:48 GMT
Source-Age: 0

]
[2023-07-23 01:15:52,047: INFO: main: >>>>> stage Data Ingestion stage completed <<<<<< 

 x=========x]
[2023-07-23 01:15:52,047: INFO: main: >>>>> stage Data Validation stage started <<<<<]
[2023-07-23 01:15:52,064: INFO: common: yaml file: config\config.yaml loaded successfully]
[2023-07-23 01:15:52,072: INFO: common: yaml file: params.yaml loaded successfully]
[2023-07-23 01:15:52,072: INFO: common: created directory at: artifacts]
[2023-07-23 01:15:52,072: INFO: common: created directory at: artifacts/data_validation]
[2023-07-23 01:15:52,080: INFO: main: >>>>> stage Data Validation stage completed <<<<<< 

 x=========x]
[2023-07-23 01:15:52,080: INFO: main: >>>>> stage Data Transformation stage started <<<<<]
[2023-07-23 01:15:52,096: INFO: common: yaml file: config\config.yaml loaded successfully]
[2023-07-23 01:15:52,104: INFO: common: yaml file: params.yaml loaded successfully]
[2023-07-23 01:15:52,104: INFO: common: created directory at: artifacts]
[2023-07-23 01:15:52,104: INFO: common: created directory at: artifacts/data_transformation]
[2023-07-23 01:16:02,235: INFO: main: >>>>> stage Data Transformation stage completed <<<<<< 

 x=========x]
[2023-07-23 01:19:06,010: INFO: common: yaml file: config\config.yaml loaded successfully]
[2023-07-23 01:19:06,042: INFO: common: yaml file: params.yaml loaded successfully]
[2023-07-23 01:19:06,042: INFO: common: created directory at: artifacts]
[2023-07-23 01:19:06,042: INFO: common: created directory at: artifacts/model_trainer]
[2023-07-23 01:22:23,996: INFO: common: yaml file: config\config.yaml loaded successfully]
[2023-07-23 01:22:24,013: INFO: common: yaml file: params.yaml loaded successfully]
[2023-07-23 01:22:24,021: INFO: common: created directory at: artifacts]
[2023-07-23 01:22:24,021: INFO: common: created directory at: artifacts/model_trainer]
[2023-07-23 01:30:38,296: INFO: common: yaml file: config\config.yaml loaded successfully]
[2023-07-23 01:30:38,327: INFO: common: yaml file: params.yaml loaded successfully]
[2023-07-23 01:30:38,335: INFO: common: created directory at: artifacts]
[2023-07-23 01:30:38,335: INFO: common: created directory at: artifacts/model_trainer]
[2023-07-23 01:42:08,741: INFO: common: yaml file: config\config.yaml loaded successfully]
[2023-07-23 01:42:08,764: INFO: common: yaml file: params.yaml loaded successfully]
[2023-07-23 01:42:08,772: INFO: common: created directory at: artifacts]
[2023-07-23 01:42:08,772: INFO: common: created directory at: artifacts/model_trainer]
[2023-07-23 01:44:06,524: INFO: common: yaml file: config\config.yaml loaded successfully]
[2023-07-23 01:44:06,548: INFO: common: yaml file: params.yaml loaded successfully]
[2023-07-23 01:44:06,556: INFO: common: created directory at: artifacts]
[2023-07-23 01:44:06,556: INFO: common: created directory at: artifacts/data_transformation]
[2023-07-23 01:44:32,618: INFO: common: yaml file: config\config.yaml loaded successfully]
[2023-07-23 01:44:32,626: INFO: common: yaml file: params.yaml loaded successfully]
[2023-07-23 01:44:32,634: INFO: common: created directory at: artifacts]
[2023-07-23 01:44:32,634: INFO: common: created directory at: artifacts/model_trainer]
[2023-07-23 01:46:57,212: INFO: main: >>>>> stage Data Ingestion stage started <<<<<]
[2023-07-23 01:46:57,227: INFO: common: yaml file: config\config.yaml loaded successfully]
[2023-07-23 01:46:57,227: INFO: common: yaml file: params.yaml loaded successfully]
[2023-07-23 01:46:57,227: INFO: common: created directory at: artifacts]
[2023-07-23 01:46:57,243: INFO: common: created directory at: artifacts/data_ingestion]
[2023-07-23 01:46:57,245: INFO: data_ingestion: File already exists of size: ~ 7718 KB]
[2023-07-23 01:46:57,379: ERROR: main: [Errno 22] Invalid argument: 'artifacts\\data_ingestion\\samsum_dataset\\test\\data-00000-of-00001.arrow']
Traceback (most recent call last):
  File "main.py", line 11, in <module>
    data_ingestion.main()
  File "c:\users\asus\desktop\textsummarizer\src\textSummarizer\pipeline\stage_01_data_ingestion.py", line 14, in main
    data_ingestion.extract_zip_file()
  File "c:\users\asus\desktop\textsummarizer\src\textSummarizer\components\data_ingestion.py", line 37, in extract_zip_file
    zip_ref.extractall(unzip_path)
  File "C:\Users\ASUS\miniconda3\envs\textS\lib\zipfile.py", line 1647, in extractall
    self._extract_member(zipinfo, path, pwd)
  File "C:\Users\ASUS\miniconda3\envs\textS\lib\zipfile.py", line 1701, in _extract_member
    open(targetpath, "wb") as target:
OSError: [Errno 22] Invalid argument: 'artifacts\\data_ingestion\\samsum_dataset\\test\\data-00000-of-00001.arrow'
[2023-07-23 01:47:53,995: INFO: main: >>>>> stage Data Ingestion stage started <<<<<]
[2023-07-23 01:47:54,057: INFO: common: yaml file: config\config.yaml loaded successfully]
[2023-07-23 01:47:54,080: INFO: common: yaml file: params.yaml loaded successfully]
[2023-07-23 01:47:54,083: INFO: common: created directory at: artifacts]
[2023-07-23 01:47:54,084: INFO: common: created directory at: artifacts/data_ingestion]
[2023-07-23 01:47:57,776: INFO: data_ingestion: artifacts/data_ingestion/data.zip download! with following info: 
Connection: close
Content-Length: 7903594
Cache-Control: max-age=300
Content-Security-Policy: default-src 'none'; style-src 'unsafe-inline'; sandbox
Content-Type: application/zip
ETag: "dbc016a060da18070593b83afff580c9b300f0b6ea4147a7988433e04df246ca"
Strict-Transport-Security: max-age=31536000
X-Content-Type-Options: nosniff
X-Frame-Options: deny
X-XSS-Protection: 1; mode=block
X-GitHub-Request-Id: 67F8:351825:3EF4A:59E75:64BC2F3E
Accept-Ranges: bytes
Date: Sat, 22 Jul 2023 20:17:55 GMT
Via: 1.1 varnish
X-Served-By: cache-del21739-DEL
X-Cache: HIT
X-Cache-Hits: 1
X-Timer: S1690057075.273325,VS0,VE314
Vary: Authorization,Accept-Encoding,Origin
Access-Control-Allow-Origin: *
Cross-Origin-Resource-Policy: cross-origin
X-Fastly-Request-ID: 448b2688cc15317ab1e6c8a0253a88d4478b3082
Expires: Sat, 22 Jul 2023 20:22:55 GMT
Source-Age: 0

]
[2023-07-23 01:47:57,949: INFO: main: >>>>> stage Data Ingestion stage completed <<<<<< 

 x=========x]
[2023-07-23 01:47:57,949: INFO: main: >>>>> stage Data Validation stage started <<<<<]
[2023-07-23 01:47:57,976: INFO: common: yaml file: config\config.yaml loaded successfully]
[2023-07-23 01:47:57,981: INFO: common: yaml file: params.yaml loaded successfully]
[2023-07-23 01:47:57,985: INFO: common: created directory at: artifacts]
[2023-07-23 01:47:57,986: INFO: common: created directory at: artifacts/data_validation]
[2023-07-23 01:47:57,990: INFO: main: >>>>> stage Data Validation stage completed <<<<<< 

 x=========x]
[2023-07-23 01:47:57,991: INFO: main: >>>>> stage Data Transformation stage started <<<<<]
[2023-07-23 01:47:57,995: INFO: common: yaml file: config\config.yaml loaded successfully]
[2023-07-23 01:47:57,997: INFO: common: yaml file: params.yaml loaded successfully]
[2023-07-23 01:47:57,998: INFO: common: created directory at: artifacts]
[2023-07-23 01:47:58,000: INFO: common: created directory at: artifacts/data_transformation]
[2023-07-23 01:48:06,266: INFO: main: >>>>> stage Data Transformation stage completed <<<<<< 

 x=========x]
[2023-07-23 01:48:06,267: INFO: main: >>>>> stage Model Trainer stage started <<<<<]
[2023-07-23 01:48:06,271: INFO: common: yaml file: config\config.yaml loaded successfully]
[2023-07-23 01:48:06,274: INFO: common: yaml file: params.yaml loaded successfully]
[2023-07-23 01:48:06,275: INFO: common: created directory at: artifacts]
[2023-07-23 01:48:06,276: INFO: common: created directory at: artifacts/model_trainer]
[2023-07-23 01:49:14,537: ERROR: main: Invalid key: 1 is out of bounds for size 0]
Traceback (most recent call last):
  File "main.py", line 41, in <module>
    model_training.main()
  File "c:\users\asus\desktop\textsummarizer\src\textSummarizer\pipeline\stage_04_model_trainer.py", line 13, in main
    model_trainer_config.train()
  File "c:\users\asus\desktop\textsummarizer\src\textSummarizer\components\model_trainer.py", line 35, in train
    trainer.train()
  File "C:\Users\ASUS\miniconda3\envs\textS\lib\site-packages\transformers\trainer.py", line 1539, in train
    return inner_training_loop(
  File "C:\Users\ASUS\miniconda3\envs\textS\lib\site-packages\transformers\trainer.py", line 1787, in _inner_training_loop
    for step, inputs in enumerate(epoch_iterator):
  File "C:\Users\ASUS\miniconda3\envs\textS\lib\site-packages\accelerate\data_loader.py", line 384, in __iter__
    current_batch = next(dataloader_iter)
  File "C:\Users\ASUS\miniconda3\envs\textS\lib\site-packages\torch\utils\data\dataloader.py", line 633, in __next__
    data = self._next_data()
  File "C:\Users\ASUS\miniconda3\envs\textS\lib\site-packages\torch\utils\data\dataloader.py", line 677, in _next_data
    data = self._dataset_fetcher.fetch(index)  # may raise StopIteration
  File "C:\Users\ASUS\miniconda3\envs\textS\lib\site-packages\torch\utils\data\_utils\fetch.py", line 49, in fetch
    data = self.dataset.__getitems__(possibly_batched_index)
  File "C:\Users\ASUS\miniconda3\envs\textS\lib\site-packages\datasets\arrow_dataset.py", line 2796, in __getitems__
    batch = self.__getitem__(keys)
  File "C:\Users\ASUS\miniconda3\envs\textS\lib\site-packages\datasets\arrow_dataset.py", line 2792, in __getitem__
    return self._getitem(key)
  File "C:\Users\ASUS\miniconda3\envs\textS\lib\site-packages\datasets\arrow_dataset.py", line 2776, in _getitem
    pa_subtable = query_table(self._data, key, indices=self._indices if self._indices is not None else None)
  File "C:\Users\ASUS\miniconda3\envs\textS\lib\site-packages\datasets\formatting\formatting.py", line 583, in query_table
    _check_valid_index_key(key, size)
  File "C:\Users\ASUS\miniconda3\envs\textS\lib\site-packages\datasets\formatting\formatting.py", line 536, in _check_valid_index_key
    _check_valid_index_key(int(max(key)), size=size)
  File "C:\Users\ASUS\miniconda3\envs\textS\lib\site-packages\datasets\formatting\formatting.py", line 526, in _check_valid_index_key
    raise IndexError(f"Invalid key: {key} is out of bounds for size {size}")
IndexError: Invalid key: 1 is out of bounds for size 0
[2023-07-23 01:59:39,049: INFO: common: yaml file: config\config.yaml loaded successfully]
[2023-07-23 01:59:39,064: INFO: common: yaml file: params.yaml loaded successfully]
[2023-07-23 01:59:39,067: INFO: common: created directory at: artifacts]
[2023-07-23 01:59:39,071: INFO: common: created directory at: artifacts/model_trainer]
[2023-07-23 02:05:16,627: INFO: common: yaml file: config\config.yaml loaded successfully]
[2023-07-23 02:05:16,654: INFO: common: yaml file: params.yaml loaded successfully]
[2023-07-23 02:05:16,661: INFO: common: created directory at: artifacts]
[2023-07-23 02:05:16,664: INFO: common: created directory at: artifacts/model_trainer]
[2023-07-23 02:20:21,413: INFO: common: yaml file: config\config.yaml loaded successfully]
[2023-07-23 02:20:21,424: INFO: common: yaml file: params.yaml loaded successfully]
[2023-07-23 02:20:21,428: INFO: common: created directory at: artifacts]
[2023-07-23 02:20:21,430: INFO: common: created directory at: artifacts/model_evaluation]
[2023-07-23 02:30:03,213: INFO: main: >>>>> stage Data Ingestion stage started <<<<<]
[2023-07-23 02:30:03,224: INFO: common: yaml file: config\config.yaml loaded successfully]
[2023-07-23 02:30:03,227: INFO: common: yaml file: params.yaml loaded successfully]
[2023-07-23 02:30:03,230: INFO: common: created directory at: artifacts]
[2023-07-23 02:30:03,233: INFO: common: created directory at: artifacts/data_ingestion]
[2023-07-23 02:30:07,063: INFO: data_ingestion: artifacts/data_ingestion/data.zip download! with following info: 
Connection: close
Content-Length: 7903594
Cache-Control: max-age=300
Content-Security-Policy: default-src 'none'; style-src 'unsafe-inline'; sandbox
Content-Type: application/zip
ETag: "dbc016a060da18070593b83afff580c9b300f0b6ea4147a7988433e04df246ca"
Strict-Transport-Security: max-age=31536000
X-Content-Type-Options: nosniff
X-Frame-Options: deny
X-XSS-Protection: 1; mode=block
X-GitHub-Request-Id: 67F8:351825:3EF4A:59E75:64BC2F3E
Accept-Ranges: bytes
Date: Sat, 22 Jul 2023 21:00:04 GMT
Via: 1.1 varnish
X-Served-By: cache-del21726-DEL
X-Cache: HIT
X-Cache-Hits: 0
X-Timer: S1690059604.409132,VS0,VE337
Vary: Authorization,Accept-Encoding,Origin
Access-Control-Allow-Origin: *
Cross-Origin-Resource-Policy: cross-origin
X-Fastly-Request-ID: e825a29c1c363fbcdc8198668f25ec425e73e822
Expires: Sat, 22 Jul 2023 21:05:04 GMT
Source-Age: 0

]
[2023-07-23 02:30:07,182: INFO: main: >>>>> stage Data Ingestion stage completed <<<<<< 

 x=========x]
[2023-07-23 02:30:07,183: INFO: main: >>>>> stage Data Validation stage started <<<<<]
[2023-07-23 02:30:07,187: INFO: common: yaml file: config\config.yaml loaded successfully]
[2023-07-23 02:30:07,190: INFO: common: yaml file: params.yaml loaded successfully]
[2023-07-23 02:30:07,191: INFO: common: created directory at: artifacts]
[2023-07-23 02:30:07,192: INFO: common: created directory at: artifacts/data_validation]
[2023-07-23 02:30:07,195: INFO: main: >>>>> stage Data Validation stage completed <<<<<< 

 x=========x]
[2023-07-23 02:30:07,196: INFO: main: >>>>> stage Data Transformation stage started <<<<<]
[2023-07-23 02:30:07,201: INFO: common: yaml file: config\config.yaml loaded successfully]
[2023-07-23 02:30:07,205: INFO: common: yaml file: params.yaml loaded successfully]
[2023-07-23 02:30:07,205: INFO: common: created directory at: artifacts]
[2023-07-23 02:30:07,206: INFO: common: created directory at: artifacts/data_transformation]
[2023-07-23 02:30:12,839: INFO: main: >>>>> stage Data Transformation stage completed <<<<<< 

 x=========x]
[2023-07-23 02:30:12,840: INFO: main: >>>>> stage Model Trainer stage started <<<<<]
[2023-07-23 02:30:12,845: INFO: common: yaml file: config\config.yaml loaded successfully]
[2023-07-23 02:30:12,849: INFO: common: yaml file: params.yaml loaded successfully]
[2023-07-23 02:30:12,850: INFO: common: created directory at: artifacts]
[2023-07-23 02:30:12,851: INFO: common: created directory at: artifacts/model_trainer]
[2023-07-23 02:30:23,512: ERROR: main: [enforce fail at C:\actions-runner\_work\pytorch\pytorch\builder\windows\pytorch\c10\core\impl\alloc_cpu.cpp:72] data. DefaultCPUAllocator: not enough memory: you tried to allocate 16777216 bytes.]
Traceback (most recent call last):
  File "main.py", line 42, in <module>
    model_training.main()
  File "c:\users\asus\desktop\textsummarizer\src\textSummarizer\pipeline\stage_04_model_trainer.py", line 13, in main
    model_trainer_config.train()
  File "c:\users\asus\desktop\textsummarizer\src\textSummarizer\components\model_trainer.py", line 16, in train
    model_pegasus = AutoModelForSeq2SeqLM.from_pretrained(self.config.model_ckpt).to(device)
  File "C:\Users\ASUS\miniconda3\envs\textS\lib\site-packages\transformers\models\auto\auto_factory.py", line 493, in from_pretrained
    return model_class.from_pretrained(
  File "C:\Users\ASUS\miniconda3\envs\textS\lib\site-packages\transformers\modeling_utils.py", line 2700, in from_pretrained
    model = cls(config, *model_args, **model_kwargs)
  File "C:\Users\ASUS\miniconda3\envs\textS\lib\site-packages\transformers\models\pegasus\modeling_pegasus.py", line 1316, in __init__
    self.model = PegasusModel(config)
  File "C:\Users\ASUS\miniconda3\envs\textS\lib\site-packages\transformers\models\pegasus\modeling_pegasus.py", line 1167, in __init__
    self.encoder = PegasusEncoder(config, self.shared)
  File "C:\Users\ASUS\miniconda3\envs\textS\lib\site-packages\transformers\models\pegasus\modeling_pegasus.py", line 668, in __init__
    self.layers = nn.ModuleList([PegasusEncoderLayer(config) for _ in range(config.encoder_layers)])
  File "C:\Users\ASUS\miniconda3\envs\textS\lib\site-packages\transformers\models\pegasus\modeling_pegasus.py", line 668, in <listcomp>
    self.layers = nn.ModuleList([PegasusEncoderLayer(config) for _ in range(config.encoder_layers)])
  File "C:\Users\ASUS\miniconda3\envs\textS\lib\site-packages\transformers\models\pegasus\modeling_pegasus.py", line 312, in __init__
    self.fc1 = nn.Linear(self.embed_dim, config.encoder_ffn_dim)
  File "C:\Users\ASUS\miniconda3\envs\textS\lib\site-packages\torch\nn\modules\linear.py", line 96, in __init__
    self.weight = Parameter(torch.empty((out_features, in_features), **factory_kwargs))
RuntimeError: [enforce fail at C:\actions-runner\_work\pytorch\pytorch\builder\windows\pytorch\c10\core\impl\alloc_cpu.cpp:72] data. DefaultCPUAllocator: not enough memory: you tried to allocate 16777216 bytes.
[2023-07-23 02:32:44,488: INFO: main: >>>>> stage Data Ingestion stage started <<<<<]
[2023-07-23 02:32:44,494: INFO: common: yaml file: config\config.yaml loaded successfully]
[2023-07-23 02:32:44,500: INFO: common: yaml file: params.yaml loaded successfully]
[2023-07-23 02:32:44,502: INFO: common: created directory at: artifacts]
[2023-07-23 02:32:44,503: INFO: common: created directory at: artifacts/data_ingestion]
[2023-07-23 02:32:44,504: INFO: data_ingestion: File already exists of size: ~ 7718 KB]
[2023-07-23 02:32:44,610: INFO: main: >>>>> stage Data Ingestion stage completed <<<<<< 

 x=========x]
[2023-07-23 02:32:44,611: INFO: main: >>>>> stage Data Validation stage started <<<<<]
[2023-07-23 02:32:44,617: INFO: common: yaml file: config\config.yaml loaded successfully]
[2023-07-23 02:32:44,619: INFO: common: yaml file: params.yaml loaded successfully]
[2023-07-23 02:32:44,621: INFO: common: created directory at: artifacts]
[2023-07-23 02:32:44,622: INFO: common: created directory at: artifacts/data_validation]
[2023-07-23 02:32:44,624: INFO: main: >>>>> stage Data Validation stage completed <<<<<< 

 x=========x]
[2023-07-23 02:32:44,625: INFO: main: >>>>> stage Data Transformation stage started <<<<<]
[2023-07-23 02:32:44,631: INFO: common: yaml file: config\config.yaml loaded successfully]
[2023-07-23 02:32:44,634: INFO: common: yaml file: params.yaml loaded successfully]
[2023-07-23 02:32:44,635: INFO: common: created directory at: artifacts]
[2023-07-23 02:32:44,635: INFO: common: created directory at: artifacts/data_transformation]
[2023-07-23 02:32:46,304: WARNING: arrow_dataset: Loading cached processed dataset at C:\Users\ASUS\Desktop\textSummarizer\artifacts\data_ingestion\samsum_dataset\train\cache-b351a43c67b25ca6.arrow]
[2023-07-23 02:32:46,580: WARNING: arrow_dataset: Loading cached processed dataset at C:\Users\ASUS\Desktop\textSummarizer\artifacts\data_ingestion\samsum_dataset\validation\cache-a0a13ba6948adb18.arrow]
[2023-07-23 02:32:46,692: INFO: main: >>>>> stage Data Transformation stage completed <<<<<< 

 x=========x]
[2023-07-23 02:32:46,693: INFO: main: >>>>> stage Model Trainer stage started <<<<<]
[2023-07-23 02:32:46,698: INFO: common: yaml file: config\config.yaml loaded successfully]
[2023-07-23 02:32:46,702: INFO: common: yaml file: params.yaml loaded successfully]
[2023-07-23 02:32:46,703: INFO: common: created directory at: artifacts]
[2023-07-23 02:32:46,704: INFO: common: created directory at: artifacts/model_trainer]
[2023-07-23 02:32:53,100: ERROR: main: [enforce fail at C:\actions-runner\_work\pytorch\pytorch\builder\windows\pytorch\c10\core\impl\alloc_cpu.cpp:72] data. DefaultCPUAllocator: not enough memory: you tried to allocate 393637888 bytes.]
Traceback (most recent call last):
  File "main.py", line 42, in <module>
    model_training.main()
  File "c:\users\asus\desktop\textsummarizer\src\textSummarizer\pipeline\stage_04_model_trainer.py", line 13, in main
    model_trainer_config.train()
  File "c:\users\asus\desktop\textsummarizer\src\textSummarizer\components\model_trainer.py", line 16, in train
    model_pegasus = AutoModelForSeq2SeqLM.from_pretrained(self.config.model_ckpt).to(device)
  File "C:\Users\ASUS\miniconda3\envs\textS\lib\site-packages\transformers\models\auto\auto_factory.py", line 493, in from_pretrained
    return model_class.from_pretrained(
  File "C:\Users\ASUS\miniconda3\envs\textS\lib\site-packages\transformers\modeling_utils.py", line 2700, in from_pretrained
    model = cls(config, *model_args, **model_kwargs)
  File "C:\Users\ASUS\miniconda3\envs\textS\lib\site-packages\transformers\models\pegasus\modeling_pegasus.py", line 1316, in __init__
    self.model = PegasusModel(config)
  File "C:\Users\ASUS\miniconda3\envs\textS\lib\site-packages\transformers\models\pegasus\modeling_pegasus.py", line 1165, in __init__
    self.shared = nn.Embedding(vocab_size, config.d_model, padding_idx)
  File "C:\Users\ASUS\miniconda3\envs\textS\lib\site-packages\torch\nn\modules\sparse.py", line 142, in __init__
    self.weight = Parameter(torch.empty((num_embeddings, embedding_dim), **factory_kwargs),
RuntimeError: [enforce fail at C:\actions-runner\_work\pytorch\pytorch\builder\windows\pytorch\c10\core\impl\alloc_cpu.cpp:72] data. DefaultCPUAllocator: not enough memory: you tried to allocate 393637888 bytes.
